2025-07-26 16:35:31,907 - Connected to Alpaca Paper Trading API
2025-07-26 16:35:31,908 - Starting AI-powered day trader for ['AAPL'] with Grok 3 and Alpaca
2025-07-26 16:35:31,908 - Starting trading session at 2025-07-26 16:35:31 with duration: 2 minutes
2025-07-26 16:35:31,908 - Subscribed to bars for ['AAPL']
2025-07-26 16:35:31,931 - Market closed for AAPL, using mock data
2025-07-26 16:35:31,952 - Generated 390 mock bars for AAPL, latest price: $188.66
2025-07-26 16:35:31,954 - Fetched 390 bars for AAPL, price: $188.66
2025-07-26 16:35:31,954 - Current position for AAPL: 0 shares
2025-07-26 16:35:31,954 - started data stream
2025-07-26 16:35:31,954 - starting data websocket connection
2025-07-26 16:35:31,955 - connecting to wss://stream.data.alpaca.markets/v2/iex
2025-07-26 16:35:32,040 - connected to wss://stream.data.alpaca.markets/v2/iex
2025-07-26 16:35:32,054 - subscribed to bars: ['AAPL']
2025-07-26 16:35:32,312 - Equity plot saved to equity_plot.png
2025-07-26 16:35:32,317 - Market closed for AAPL, using mock data
2025-07-26 16:35:32,329 - Generated 390 mock bars for AAPL, latest price: $189.78
2025-07-26 16:35:32,332 - Generated 5 mock daily bars for AAPL, latest price: $191.77
2025-07-26 16:35:32,340 - Starting sleep
2025-07-26 16:35:32,340 - Sleep countdown: 30 seconds remaining
2025-07-26 16:35:42,348 - Sleep countdown: 20 seconds remaining
2025-07-26 16:35:52,358 - Sleep countdown: 10 seconds remaining
2025-07-26 16:36:02,368 - Completed sleep
2025-07-26 16:36:02,375 - Market closed for AAPL, using mock data
2025-07-26 16:36:02,389 - Generated 390 mock bars for AAPL, latest price: $189.02
2025-07-26 16:36:02,390 - Fetched 390 bars for AAPL, price: $189.02
2025-07-26 16:36:02,390 - Current position for AAPL: 0 shares
2025-07-26 16:36:02,767 - Equity plot saved to equity_plot.png
2025-07-26 16:36:02,774 - Market closed for AAPL, using mock data
2025-07-26 16:36:02,788 - Generated 390 mock bars for AAPL, latest price: $190.01
2025-07-26 16:36:02,793 - Generated 5 mock daily bars for AAPL, latest price: $191.50
2025-07-26 16:36:02,798 - Starting sleep
2025-07-26 16:36:02,798 - Sleep countdown: 30 seconds remaining
2025-07-26 16:36:12,808 - Sleep countdown: 20 seconds remaining
2025-07-26 16:36:22,818 - Sleep countdown: 10 seconds remaining
2025-07-26 16:36:32,828 - Completed sleep
2025-07-26 16:36:32,836 - Market closed for AAPL, using mock data
2025-07-26 16:36:32,847 - Generated 390 mock bars for AAPL, latest price: $188.17
2025-07-26 16:36:32,848 - Fetched 390 bars for AAPL, price: $188.17
2025-07-26 16:36:32,848 - Current position for AAPL: 0 shares
2025-07-26 16:36:33,282 - Equity plot saved to equity_plot.png
2025-07-26 16:36:33,287 - Market closed for AAPL, using mock data
2025-07-26 16:36:33,300 - Generated 390 mock bars for AAPL, latest price: $190.88
2025-07-26 16:36:33,304 - Generated 5 mock daily bars for AAPL, latest price: $188.68
2025-07-26 16:36:33,308 - Starting sleep
2025-07-26 16:36:33,308 - Sleep countdown: 30 seconds remaining
2025-07-26 16:36:43,317 - Sleep countdown: 20 seconds remaining
2025-07-26 16:36:53,324 - Sleep countdown: 10 seconds remaining
2025-07-26 16:37:03,332 - Completed sleep
2025-07-26 16:37:03,338 - Market closed for AAPL, using mock data
2025-07-26 16:37:03,358 - Generated 390 mock bars for AAPL, latest price: $190.95
2025-07-26 16:37:03,359 - Fetched 390 bars for AAPL, price: $190.95
2025-07-26 16:37:03,359 - Current position for AAPL: 0 shares
2025-07-26 16:37:03,798 - Equity plot saved to equity_plot.png
2025-07-26 16:37:03,804 - Market closed for AAPL, using mock data
2025-07-26 16:37:03,824 - Generated 390 mock bars for AAPL, latest price: $189.63
2025-07-26 16:37:03,832 - Generated 5 mock daily bars for AAPL, latest price: $185.25
2025-07-26 16:37:03,838 - Starting sleep
2025-07-26 16:37:03,838 - Sleep countdown: 30 seconds remaining
2025-07-26 16:37:13,848 - Sleep countdown: 20 seconds remaining
2025-07-26 16:37:23,856 - Sleep countdown: 10 seconds remaining
2025-07-26 16:37:33,864 - Completed sleep
2025-07-26 16:37:33,864 - Session duration reached (elapsed: 122.0s, target: 120.0s), closing positions and stopping trading loop
2025-07-26 16:37:33,864 - No open positions to close at session end
2025-07-26 16:37:33,864 - Trading loop terminated
2025-07-26 16:37:33,865 - WebSocket task cancelled and stopped
2025-07-26 16:37:33,865 - Trading loop cleanup completed
2025-07-26 16:37:33,865 - Trading loop completed, generating session plot
2025-07-26 16:37:33,869 - subscribed to 
2025-07-26 16:37:33,872 - data stream stopped
2025-07-26 16:37:34,234 - Equity plot saved to equity_plot.png
2025-07-26 16:37:34,234 - Session summary: Total P/L: $0.00, Final Equity: $99994.32
2025-07-26 16:37:34,234 - Trading bot execution completed
