2025-07-23 11:35:26,344 - Connected to Alpaca Paper Trading API
2025-07-23 11:35:26,346 - Starting AI-powered day trader for ['AAPL'] with Grok 3 and Alpaca
2025-07-23 11:35:26,347 - Starting trading session at 2025-07-23 11:35:26 with duration: 5 minutes
2025-07-23 11:35:26,347 - Simulated 60 bars for AAPL, price: $181.84
2025-07-23 11:35:26,347 - Simulated position for AAPL: 0 shares
2025-07-23 11:35:26,679 - Grok-3 received payload for AAPL
2025-07-23 11:35:27,030 - Grok-3 processed payload for AAPL
2025-07-23 11:35:27,030 - Grok-3 returned prediction for AAPL: 0.1 (0 to 1)
2025-07-23 11:35:27,031 - AAPL - Current Price: $181.84, Grok 3 Prediction: 0.10, Position: 0
2025-07-23 11:35:27,031 - Simulated SELL order (Alpaca, short): 5 shares of AAPL at $181.84
2025-07-23 11:35:27,031 - Sell short: SL $200.02, TP $170.93
2025-07-23 11:35:27,482 - Parsed 1 trades, 0 completed, calculated total P/L: $0.00, win rate: 0.00
2025-07-23 11:35:27,483 - Simulated Account Equity: $100000.00
2025-07-23 11:35:27,483 - Saved equity plot to equity_plot.png
2025-07-23 11:35:27,483 - Starting sleep
2025-07-23 11:35:27,483 - Sleep countdown: 30 seconds remaining
2025-07-23 11:35:37,494 - Sleep countdown: 20 seconds remaining
2025-07-23 11:35:47,505 - Sleep countdown: 10 seconds remaining
2025-07-23 11:35:57,516 - Completed sleep
2025-07-23 11:35:57,516 - Simulated 60 bars for AAPL, price: $192.25
2025-07-23 11:35:57,516 - Simulated position for AAPL: -5 shares
2025-07-23 11:35:57,516 - Cooldown active for AAPL, skipping trade (remaining: 29.5 seconds)
2025-07-23 11:35:57,517 - Starting sleep
2025-07-23 11:35:57,517 - Sleep countdown: 30 seconds remaining
