2025-07-23 14:25:48,707 - Connected to Alpaca Paper Trading API
2025-07-23 14:25:48,709 - Starting AI-powered day trader for ['AAPL'] with Grok 3 and Alpaca
2025-07-23 14:25:48,709 - Starting trading session at 2025-07-23 14:25:48 with duration: 5 minutes
2025-07-23 14:25:48,709 - Simulated 60 bars for AAPL, price: $209.30
2025-07-23 14:25:48,710 - Simulated position for AAPL: 0 shares
2025-07-23 14:25:48,973 - Simulated 60 bars for AAPL, price: $190.00
2025-07-23 14:25:48,978 - Grok-3 received payload for AAPL
2025-07-23 14:25:49,946 - Grok-3 processed payload for AAPL
2025-07-23 14:25:49,946 - Grok-3 returned prediction for AAPL: 0.1 (0 to 1)
2025-07-23 14:25:49,946 - AAPL - Current Price: $209.30, Grok 3 Prediction: 0.10, Position: 0
2025-07-23 14:25:49,947 - Simulated SELL order (Alpaca, short): 4 shares of AAPL at $209.30
2025-07-23 14:25:49,947 - Sell short: SL $230.23, TP $196.74
2025-07-23 14:25:50,264 - Parsed 1 trades, 0 completed, calculated total P/L: $0.00, win rate: 0.00
2025-07-23 14:25:50,264 - Simulated Equity: $100000.00
2025-07-23 14:25:50,264 - Saved equity plot to equity_plot.png
2025-07-23 14:25:50,264 - Starting sleep
2025-07-23 14:25:50,264 - Sleep countdown: 30 seconds remaining
2025-07-23 14:26:00,265 - Sleep countdown: 20 seconds remaining
2025-07-23 14:26:10,273 - Sleep countdown: 10 seconds remaining
2025-07-23 14:26:20,284 - Completed sleep
2025-07-23 14:26:20,284 - Simulated 60 bars for AAPL, price: $186.75
2025-07-23 14:26:20,284 - Simulated position for AAPL: -4 shares
2025-07-23 14:26:20,610 - Take-profit hit for AAPL short: Closed at $186.75
2025-07-23 14:26:20,610 - Simulated BUY order (Alpaca, close short): 4 shares of AAPL at $186.75
2025-07-23 14:26:20,610 - Closed short position for AAPL: 0 shares remaining
2025-07-23 14:26:20,610 - Calculated P/L for AAPL short: $90.18
2025-07-23 14:26:20,611 - Position for AAPL fully closed, reset SL and TP prices
2025-07-23 14:26:20,826 - Parsed 1 trades, 1 completed, calculated total P/L: $90.18, win rate: 1.00
2025-07-23 14:26:20,827 - Simulated Equity: $100090.18
2025-07-23 14:26:20,827 - Saved equity plot to equity_plot.png
2025-07-23 14:26:20,827 - Starting sleep
2025-07-23 14:26:20,827 - Sleep countdown: 30 seconds remaining
2025-07-23 14:26:30,834 - Sleep countdown: 20 seconds remaining
2025-07-23 14:26:40,844 - Sleep countdown: 10 seconds remaining
2025-07-23 14:26:50,853 - Completed sleep
2025-07-23 14:26:50,854 - Simulated 60 bars for AAPL, price: $187.42
2025-07-23 14:26:50,854 - Simulated position for AAPL: 0 shares
2025-07-23 14:26:51,103 - Cooldown active for AAPL, skipping trade (remaining: 29.5 seconds)
2025-07-23 14:26:51,103 - Starting sleep
2025-07-23 14:26:51,103 - Sleep countdown: 30 seconds remaining
2025-07-23 14:27:01,113 - Sleep countdown: 20 seconds remaining
2025-07-23 14:27:11,122 - Sleep countdown: 10 seconds remaining
2025-07-23 14:27:21,133 - Completed sleep
2025-07-23 14:27:21,133 - Simulated 60 bars for AAPL, price: $177.25
2025-07-23 14:27:21,133 - Simulated position for AAPL: 0 shares
2025-07-23 14:27:21,360 - Simulated 60 bars for AAPL, price: $200.69
2025-07-23 14:27:21,362 - Grok-3 received payload for AAPL
2025-07-23 14:27:21,843 - Grok-3 processed payload for AAPL
2025-07-23 14:27:21,843 - Grok-3 returned prediction for AAPL: 0.8 (0 to 1)
2025-07-23 14:27:21,844 - AAPL - Current Price: $177.25, Grok 3 Prediction: 0.80, Position: 0
2025-07-23 14:27:21,844 - Simulated BUY order (Alpaca, long): 5 shares of AAPL at $177.25
2025-07-23 14:27:21,844 - Buy long: SL $159.53, TP $187.89
2025-07-23 14:27:22,077 - Parsed 2 trades, 1 completed, calculated total P/L: $90.18, win rate: 1.00
2025-07-23 14:27:22,077 - Simulated Equity: $100090.18
2025-07-23 14:27:22,077 - Saved equity plot to equity_plot.png
2025-07-23 14:27:22,077 - Starting sleep
2025-07-23 14:27:22,077 - Sleep countdown: 30 seconds remaining
2025-07-23 14:27:32,086 - Sleep countdown: 20 seconds remaining
2025-07-23 14:27:42,097 - Sleep countdown: 10 seconds remaining
2025-07-23 14:27:52,107 - Completed sleep
2025-07-23 14:27:52,107 - Simulated 60 bars for AAPL, price: $191.59
2025-07-23 14:27:52,107 - Simulated position for AAPL: 5 shares
2025-07-23 14:27:52,346 - Take-profit hit for AAPL long: Closed at $191.59
2025-07-23 14:27:52,347 - Simulated SELL order (Alpaca, close long): 5 shares of AAPL at $191.59
2025-07-23 14:27:52,347 - Closed long position for AAPL: 0 shares remaining
2025-07-23 14:27:52,347 - Calculated P/L for AAPL long: $71.69
2025-07-23 14:27:52,347 - Position for AAPL fully closed, reset SL and TP prices
2025-07-23 14:27:52,656 - Parsed 2 trades, 2 completed, calculated total P/L: $161.87, win rate: 1.00
2025-07-23 14:27:52,656 - Simulated Equity: $100161.87
2025-07-23 14:27:52,656 - Saved equity plot to equity_plot.png
2025-07-23 14:27:52,656 - Starting sleep
2025-07-23 14:27:52,656 - Sleep countdown: 30 seconds remaining
2025-07-23 14:28:02,665 - Sleep countdown: 20 seconds remaining
2025-07-23 14:28:12,673 - Sleep countdown: 10 seconds remaining
2025-07-23 14:28:22,683 - Completed sleep
2025-07-23 14:28:22,684 - Simulated 60 bars for AAPL, price: $176.23
2025-07-23 14:28:22,684 - Simulated position for AAPL: 0 shares
2025-07-23 14:28:22,944 - Cooldown active for AAPL, skipping trade (remaining: 29.4 seconds)
2025-07-23 14:28:22,944 - Starting sleep
2025-07-23 14:28:22,945 - Sleep countdown: 30 seconds remaining
2025-07-23 14:28:32,954 - Sleep countdown: 20 seconds remaining
2025-07-23 14:28:42,961 - Sleep countdown: 10 seconds remaining
2025-07-23 14:28:52,965 - Completed sleep
2025-07-23 14:28:52,965 - Simulated 60 bars for AAPL, price: $181.67
2025-07-23 14:28:52,965 - Simulated position for AAPL: 0 shares
2025-07-23 14:28:53,217 - Simulated 60 bars for AAPL, price: $201.05
2025-07-23 14:28:53,219 - Grok-3 received payload for AAPL
2025-07-23 14:28:53,694 - Grok-3 processed payload for AAPL
2025-07-23 14:28:53,695 - Grok-3 returned prediction for AAPL: 0.8 (0 to 1)
2025-07-23 14:28:53,695 - AAPL - Current Price: $181.67, Grok 3 Prediction: 0.80, Position: 0
2025-07-23 14:28:53,695 - Simulated BUY order (Alpaca, long): 5 shares of AAPL at $181.67
2025-07-23 14:28:53,695 - Buy long: SL $163.51, TP $192.57
2025-07-23 14:28:53,973 - Parsed 3 trades, 2 completed, calculated total P/L: $161.87, win rate: 1.00
2025-07-23 14:28:53,973 - Simulated Equity: $100161.87
2025-07-23 14:28:53,973 - Saved equity plot to equity_plot.png
2025-07-23 14:28:53,973 - Starting sleep
2025-07-23 14:28:53,974 - Sleep countdown: 30 seconds remaining
2025-07-23 14:29:03,981 - Sleep countdown: 20 seconds remaining
2025-07-23 14:29:13,991 - Sleep countdown: 10 seconds remaining
2025-07-23 14:29:24,001 - Completed sleep
2025-07-23 14:29:24,001 - Simulated 60 bars for AAPL, price: $179.81
2025-07-23 14:29:24,002 - Simulated position for AAPL: 5 shares
2025-07-23 14:29:24,280 - Trailing SL updated for AAPL long to $176.21
2025-07-23 14:29:24,280 - Trailing TP updated for AAPL long to $183.40
2025-07-23 14:29:24,549 - Parsed 3 trades, 2 completed, calculated total P/L: $161.87, win rate: 1.00
2025-07-23 14:29:24,549 - Simulated Equity: $100161.87
2025-07-23 14:29:24,549 - Saved equity plot to equity_plot.png
2025-07-23 14:29:24,549 - Starting sleep
2025-07-23 14:29:24,549 - Sleep countdown: 30 seconds remaining
2025-07-23 14:29:34,557 - Sleep countdown: 20 seconds remaining
2025-07-23 14:29:44,568 - Sleep countdown: 10 seconds remaining
2025-07-23 14:29:54,577 - Completed sleep
2025-07-23 14:29:54,577 - Simulated 60 bars for AAPL, price: $204.61
2025-07-23 14:29:54,578 - Simulated position for AAPL: 5 shares
2025-07-23 14:29:54,837 - Take-profit hit for AAPL long: Closed at $204.61
2025-07-23 14:29:54,837 - Simulated SELL order (Alpaca, close long): 5 shares of AAPL at $204.61
2025-07-23 14:29:54,837 - Closed long position for AAPL: 0 shares remaining
2025-07-23 14:29:54,837 - Calculated P/L for AAPL long: $114.69
2025-07-23 14:29:54,837 - Position for AAPL fully closed, reset SL and TP prices
2025-07-23 14:29:55,057 - Parsed 3 trades, 3 completed, calculated total P/L: $276.56, win rate: 1.00
2025-07-23 14:29:55,057 - Simulated Equity: $100276.56
2025-07-23 14:29:55,057 - Saved equity plot to equity_plot.png
2025-07-23 14:29:55,057 - Starting sleep
2025-07-23 14:29:55,057 - Sleep countdown: 30 seconds remaining
2025-07-23 14:30:05,067 - Sleep countdown: 20 seconds remaining
2025-07-23 14:30:15,077 - Sleep countdown: 10 seconds remaining
2025-07-23 14:30:25,085 - Completed sleep
2025-07-23 14:30:25,086 - Simulated 60 bars for AAPL, price: $200.14
2025-07-23 14:30:25,086 - Simulated position for AAPL: 0 shares
2025-07-23 14:30:25,333 - Cooldown active for AAPL, skipping trade (remaining: 29.5 seconds)
2025-07-23 14:30:25,333 - Starting sleep
2025-07-23 14:30:25,333 - Sleep countdown: 30 seconds remaining
2025-07-23 14:30:35,342 - Sleep countdown: 20 seconds remaining
2025-07-23 14:30:45,346 - Sleep countdown: 10 seconds remaining
2025-07-23 14:30:55,356 - Completed sleep
2025-07-23 14:30:55,357 - Session duration reached, closing positions and stopping trading loop
2025-07-23 14:30:55,357 - Trading loop terminated
2025-07-23 14:30:55,357 - Trading bot execution completed
