2025-07-23 15:58:27,270 - Connected to Alpaca Paper Trading API
2025-07-23 15:58:27,271 - Starting AI-powered day trader for ['AAPL'] with Grok 3 and Alpaca
2025-07-23 15:58:27,272 - Starting trading session at 2025-07-23 15:58:27 with duration: 60 minutes
2025-07-23 15:58:27,282 - Starting sleep
2025-07-23 15:58:27,282 - Sleep countdown: 30 seconds remaining
2025-07-23 15:58:27,282 - started data stream
2025-07-23 15:58:27,282 - starting data websocket connection
2025-07-23 15:58:27,282 - connecting to wss://stream.data.alpaca.markets/v2/iex
2025-07-23 15:58:27,404 - connected to wss://stream.data.alpaca.markets/v2/iex
2025-07-23 15:58:27,409 - subscribed to bars: ['AAPL']
2025-07-23 15:58:37,291 - Sleep countdown: 20 seconds remaining
2025-07-23 15:58:47,299 - Sleep countdown: 10 seconds remaining
2025-07-23 15:58:57,310 - Completed sleep
2025-07-23 15:58:57,311 - Starting sleep
2025-07-23 15:58:57,312 - Sleep countdown: 30 seconds remaining
2025-07-23 15:58:57,320 - subscribed to bars: ['AAPL']
2025-07-23 15:59:00,182 - Fetched 60 bars for AAPL, price: $214.10
2025-07-23 15:59:00,202 - Current position for AAPL: 0 shares
2025-07-23 15:59:00,648 - Fetched 60 bars for AAPL, latest price: $215.01
2025-07-23 15:59:00,654 - Grok-3 received payload for AAPL
2025-07-23 15:59:01,041 - Grok-3 processed payload for AAPL
2025-07-23 15:59:01,041 - Grok-3 returned prediction for AAPL: 0.1 (0 to 1)
2025-07-23 15:59:01,042 - AAPL - Current Price: $214.10, Grok 3 Prediction: 0.10, Position: 0
2025-07-23 15:59:01,052 - Placed SELL order (Alpaca, short): 4 shares of AAPL at $214.10, Order ID: 5365aee3-07fe-426f-8ebc-793488003997
2025-07-23 15:59:01,053 - Sell short: SL $235.51, TP $201.25
2025-07-23 15:59:01,059 - Position for AAPL fully closed, reset SL and TP prices
2025-07-23 15:59:01,708 - Parsed 1 trades, 0 completed, calculated total P/L: $0.00, win rate: 0.00
2025-07-23 15:59:01,709 - Account Equity: $100000.00
2025-07-23 15:59:01,710 - Saved equity plot to equity_plot.png
2025-07-23 15:59:07,325 - Sleep countdown: 20 seconds remaining
2025-07-23 15:59:17,338 - Sleep countdown: 10 seconds remaining
2025-07-23 15:59:27,350 - Completed sleep
2025-07-23 15:59:27,352 - Starting sleep
2025-07-23 15:59:27,352 - Sleep countdown: 30 seconds remaining
2025-07-23 15:59:27,358 - subscribed to bars: ['AAPL']
2025-07-23 15:59:37,362 - Sleep countdown: 20 seconds remaining
2025-07-23 15:59:47,370 - Sleep countdown: 10 seconds remaining
2025-07-23 15:59:57,378 - Completed sleep
2025-07-23 15:59:57,379 - Starting sleep
2025-07-23 15:59:57,379 - Sleep countdown: 30 seconds remaining
2025-07-23 15:59:57,397 - subscribed to bars: ['AAPL']
2025-07-23 16:00:00,293 - Fetched 60 bars for AAPL, price: $214.23
2025-07-23 16:00:00,490 - Current position for AAPL: -4.0 shares
2025-07-23 16:00:00,929 - Trailing stop-loss hit for AAPL short: Closed at $214.23
2025-07-23 16:00:00,941 - Placed BUY order (Alpaca, close short): 4.0 shares of AAPL at $214.23, Order ID: 498312ab-6aec-41ef-8fd7-27a1d64e0f01
2025-07-23 16:00:00,941 - Invalid close short order for AAPL: Insufficient short position (qty: 0)
2025-07-23 16:00:01,369 - Parsed 1 trades, 0 completed, calculated total P/L: $0.00, win rate: 0.00
2025-07-23 16:00:01,371 - Account Equity: $100000.00
2025-07-23 16:00:01,372 - Saved equity plot to equity_plot.png
2025-07-23 16:00:07,388 - Sleep countdown: 20 seconds remaining
2025-07-23 16:00:17,398 - Sleep countdown: 10 seconds remaining
2025-07-23 16:00:18,863 - Shutdown signal received, stopping bot
