2025-07-24 21:42:41,261 - Logging                   | File and Stream handlers                :         OK
2025-07-24 21:42:41,262 - 
================================================================================
2025-07-24 21:42:41,262 -                               Cooldown Logic Check                              
2025-07-24 21:42:41,262 - ================================================================================

2025-07-24 21:42:41,262 - Cooldown                  | COOLDOWN_SECONDS and last_trade_time    :         OK
2025-07-24 21:42:41,262 - 
================================================================================
2025-07-24 21:42:41,263 -                              Trade Filtering Check                              
2025-07-24 21:42:41,263 - ================================================================================

2025-07-24 21:42:41,263 - Trade Filtering           | time_threshold and datetime             :         OK
2025-07-24 21:42:41,263 - 
================================================================================
2025-07-24 21:42:41,263 -                          Fetch Bar Data Signature Check                         
2025-07-24 21:42:41,263 - ================================================================================

2025-07-24 21:42:41,263 - Signature                 | fetch_bar_data                          :         OK
2025-07-24 21:42:41,264 - 
================================================================================
2025-07-24 21:42:41,264 -                                 JSON File Check                                 
2025-07-24 21:42:41,264 - ================================================================================

2025-07-24 21:42:41,280 - JSON File                 | historical_analysis_AAPL.json           :         OK
2025-07-24 21:42:41,280 - 
================================================================================
2025-07-24 21:42:41,280 -                              Summary of All Checks                              
2025-07-24 21:42:41,280 - ================================================================================

2025-07-24 21:42:41,284 - 
       Category                                      Check Status                                                                                             Details
   Dependencies                                     pandas     OK                                                                                                    
   Dependencies                                      numpy     OK                                                                                                    
   Dependencies                                    sklearn     OK                                                                                                    
   Dependencies                                     alpaca     OK                                                                                                    
   Dependencies                                    aiohttp     OK                                                                                                    
   Dependencies                                     dotenv     OK                                                                                                    
   Dependencies                                 matplotlib     OK                                                                                                    
    Environment                                  .env file     OK                                                                                    All keys present
        Modules                           Syntax in config     OK                                                                                                    
        Modules                              Import config     OK                                                                                                    
        Modules                              Item: SYMBOLS     OK                                                                                                list
        Modules                      Item: SEQUENCE_LENGTH     OK                                                                                                 int
        Modules                      Item: UPPER_THRESHOLD     OK                                                                                               float
        Modules                      Item: LOWER_THRESHOLD     OK                                                                                               float
        Modules                  Item: ADJUSTMENT_INTERVAL     OK                                                                                                 int
        Modules                     Item: MAX_POSITION_PCT     OK                                                                                               float
        Modules                           Item: MAX_EQUITY     OK                                                                                               float
        Modules                        Item: STOP_LOSS_PCT     OK                                                                                               float
        Modules                      Item: TAKE_PROFIT_PCT     OK                                                                                               float
        Modules                         Item: TRAILING_PCT     OK                                                                                               float
        Modules                            Item: TIMEFRAME     OK                                                                                                 str
        Modules                                  Item: URL     OK                                                                                                 str
        Modules                          Item: XAI_API_KEY     OK                                                                                                 str
        Modules                       Item: ALPACA_API_KEY     OK                                                                                                 str
        Modules                    Item: ALPACA_API_SECRET     OK                                                                                                 str
        Modules                           Item: TRADE_MODE     OK                                                                                                 str
        Modules                       Item: open_positions     OK                                                                                                dict
        Modules                            Item: sl_prices     OK                                                                                                dict
        Modules                            Item: tp_prices     OK                                                                                                dict
        Modules                        All items in config     OK                                                                                                    
        Modules                       Syntax in data_utils     OK                                                                                                    
 Config Imports                                 data_utils     OK                                                                                                    
        Modules                          Import data_utils     OK                                                                                                    
        Modules                       Item: fetch_bar_data     OK                                                                                      Async function
        Modules                  Item: prepare_grok4_input     OK                                                                                       Sync function
        Modules                    All items in data_utils     OK                                                                                                    
        Modules                   Syntax in trade_analysis     OK                                                                                                    
        Modules                      Import trade_analysis     OK                                                                                                    
        Modules                       Item: analyze_trades     OK                                                                                       Sync function
        Modules                All items in trade_analysis     OK                                                                                                    
        Modules                       Syntax in prediction     OK                                                                                                    
 Config Imports                                 prediction     OK                                                                                                    
        Modules                          Import prediction     OK                                                                                                    
        Modules Item: get_grok4_prediction_and_adjustments     OK                                                                                      Async function
        Modules                    All items in prediction     OK                                                                                                    
        Modules                     Syntax in trading_loop     OK                                                                                                    
 Config Imports                               trading_loop     OK                                                                                                    
        Modules                        Import trading_loop  Error cannot import name 'LONG_EXIT_THRESHOLD' from 'config' (/home/gmafanasiev/ai_trading_bot/config.py)
        Modules                  Syntax in order_execution     OK                                                                                                    
 Config Imports                            order_execution     OK                                                                                                    
        Modules                     Import order_execution     OK                                                                                                    
        Modules                         Item: get_position     OK                                                                                      Async function
        Modules                        Item: execute_order     OK                                                                                      Async function
        Modules                      Item: poll_order_fill     OK                                                                                      Async function
        Modules                      Item: update_position     OK                                                                                      Async function
        Modules               All items in order_execution     OK                                                                                                    
        Modules                 Syntax in GenerateAAPLJSON     OK                                                                                                    
        Modules                    Import GenerateAAPLJSON     OK                                                                                                    
        Modules                    Item: AAPLDataProcessor     OK                                                                                                type
        Modules              All items in GenerateAAPLJSON     OK                                                                                                    
        Modules                    Syntax in logging_utils     OK                                                                                                    
 Config Imports                              logging_utils     OK                                                                                                    
        Modules                       Import logging_utils     OK                                                                                                    
        Modules                        Item: setup_logging     OK                                                                                       Sync function
        Modules                 All items in logging_utils     OK                                                                                                    
     Parameters                            UPPER_THRESHOLD     OK                                                                                                    
     Parameters                            LOWER_THRESHOLD     OK                                                                                                    
     Parameters                              STOP_LOSS_PCT     OK                                                                                                    
     Parameters                            SEQUENCE_LENGTH     OK                                                                                                    
     Parameters                        ADJUSTMENT_INTERVAL     OK                                                                                           Value: 30
     Parameters                                 TRADE_MODE     OK                                                                                     Selected: paper
   xAI Endpoint       https://api.x.ai/v1/chat/completions     OK                                                                                                    
   Connectivity                                    xAI API     OK                                                                                          Status 200
          Model                    grok-3 in prediction.py     OK                                                                                                    
        Logging                   File and Stream handlers     OK                                                                                                    
       Cooldown       COOLDOWN_SECONDS and last_trade_time     OK                                                                                                    
Trade Filtering                time_threshold and datetime     OK                                                                                                    
      Signature                             fetch_bar_data     OK                                                                                                    
      JSON File              historical_analysis_AAPL.json     OK                                                                                               Valid
2025-07-24 21:42:41,284 - 
Consistency checks failed with 1 errors:
2025-07-24 21:42:41,284 -   Error 1: Import error in trading_loop: cannot import name 'LONG_EXIT_THRESHOLD' from 'config' (/home/gmafanasiev/ai_trading_bot/config.py)
